Arguments: 
  C:\Program Files\nodejs\node.exe C:\Users\b07902042\AppData\Roaming\npm\node_modules\yarn\bin\yarn.js add mongoose dotenv-defaulrs --save

PATH: 
  C:\Users\b07902042\bin;C:\Program Files\Git\mingw64\bin;C:\Program Files\Git\usr\local\bin;C:\Program Files\Git\usr\bin;C:\Program Files\Git\usr\bin;C:\Program Files\Git\mingw64\bin;C:\Program Files\Git\usr\bin;C:\Users\b07902042\bin;C:\Python39\Scripts;C:\Python39;C:\Program Files\AdoptOpenJDK\jdk-11.0.10.9-hotspot\bin;C:\Program Files\NVIDIA GPU Computing Toolkit\CUDA\v10.1\bin;C:\Program Files\NVIDIA GPU Computing Toolkit\CUDA\v10.1\libnvvp;C:\Users\b07902042\MinGW\bi;.;C:\Program Files\Intel\Intel(R) Management Engine Components\iCLS;.;C:\Windows\System32\OpenSSH;.;C:\Windows\System32\Wbe;.;C:\Windows;C:\Program Files\NVIDIA Corporation\NVIDIA NvDLISR;C:\Program Files\LLVM\bin;C:\opencv\build\x64\vc14\bin;C:\OpenCV2.1\bin;C:\windows\system32;C:\Program Files\MATLAB\R2019b\bin;C:\t00\linux\client;C:\ProgramData\chocolatey\bin;C:\Program Files (x86)\Heroku\bin;C:\Program Files (x86)\git\cmd;C:\Program Files\Git\cmd;C:\Program Files\NVIDIA Corporation\Nsight Compute 2019.4.0;C:\Strawberry\c\bin;C:\Strawberry\perl\site\bin;C:\Strawberry\perl\bin;C:\Program Files\Java\jdk-14.0.1\bin;C:\Users\b07902042\AppData\Local\Programs\Python\Python36\Scripts;C:\Users\b07902042\AppData\Local\Programs\Python\Python36;C:\Users\b07902042\Anaconda3;C:\Users\b07902042\Anaconda3\Library\mingw-w64\bin;C:\Users\b07902042\Anaconda3\Library\usr\bin;C:\Users\b07902042\Anaconda3\Library\bin;C:\Users\b07902042\Anaconda3\Scripts;C:\MinGW\bin;C:\Windows\system32;C:\Windows\System32\WindowsPowerShell\v1.0;C:\Program Files (x86)\Intel\Intel(R) Management E;D:\Microsoft VS Code\bin;C:\iverilog\bin;C:\iverilog\gtkwave\bin;C:\Users\b07902042\AppData\Roaming\npm;C:\Program Files\heroku\bin;C:\Users\b07902042\AppData\Local\Programs\MiKTeX\miktex\bin\x64;C:\Program Files\Docker\Docker\resources\bin;C:\ProgramData\DockerDesktop\version-bin;C:\Program Files\nodejs;C:\Program Files\MySQL\MySQL Server 8.0\bin;C:\Program Files\MySQL\MySQL Shell 8.0\bin;C:\Users\b07902042\AppData\Local\Programs\Python\Python38-32\Scripts;C:\Users\b07902042\AppData\Local\Programs\Python\Python38-32;C:\Users\b07902042\AppData\Local\Programs\Python\Python37-32\Scripts;C:\Users\b07902042\AppData\Local\Programs\Python\Python37-32;C:\Program Files\MinGW\bin;C:\Program Files\Bandizip;C:\Program Files\JetBrains\IntelliJ IDEA Community Edition 2020.3.3\bin;C:\Program Files\Git\usr\bin\vendor_perl;C:\Program Files\Git\usr\bin\core_perl

Yarn version: 
  1.22.10

Node version: 
  14.16.1

Platform: 
  win32 x64

Trace: 
  Error: https://registry.yarnpkg.com/dotenv-defaulrs: Not found
      at Request.params.callback [as _callback] (C:\Users\b07902042\AppData\Roaming\npm\node_modules\yarn\lib\cli.js:66988:18)
      at Request.self.callback (C:\Users\b07902042\AppData\Roaming\npm\node_modules\yarn\lib\cli.js:140662:22)
      at Request.emit (events.js:315:20)
      at Request.<anonymous> (C:\Users\b07902042\AppData\Roaming\npm\node_modules\yarn\lib\cli.js:141634:10)
      at Request.emit (events.js:315:20)
      at IncomingMessage.<anonymous> (C:\Users\b07902042\AppData\Roaming\npm\node_modules\yarn\lib\cli.js:141556:12)
      at Object.onceWrapper (events.js:421:28)
      at IncomingMessage.emit (events.js:327:22)
      at endReadableNT (internal/streams/readable.js:1327:12)
      at processTicksAndRejections (internal/process/task_queues.js:80:21)

npm manifest: 
  {
    "name": "backend",
    "version": "1.0.0",
    "main": "index.js",
    "license": "MIT",
    "type": "module",
    "scripts": {
    	"server": "nodemon server.js"
    }
  }

yarn manifest: 
  No manifest

Lockfile: 
  No lockfile
